\BOOKMARK [1][-]{section.1}{exercise part 1: Analyzing Sampling Patterns}{}% 1
\BOOKMARK [2][-]{subsection.1.1}{Task 1: Computing periodograms of sampling patterns}{section.1}% 2
\BOOKMARK [3][-]{subsubsection.1.1.1}{Description}{subsection.1.1}% 3
\BOOKMARK [3][-]{subsubsection.1.1.2}{Running}{subsection.1.1}% 4
\BOOKMARK [3][-]{subsubsection.1.1.3}{Result}{subsection.1.1}% 5
\BOOKMARK [2][-]{subsection.1.2}{Task 2: Computing the pair correlation function of sampling patterns}{section.1}% 6
\BOOKMARK [3][-]{subsubsection.1.2.1}{Description}{subsection.1.2}% 7
\BOOKMARK [3][-]{subsubsection.1.2.2}{Running}{subsection.1.2}% 8
\BOOKMARK [3][-]{subsubsection.1.2.3}{Result}{subsection.1.2}% 9
\BOOKMARK [2][-]{subsection.1.3}{Discussion}{section.1}% 10
\BOOKMARK [1][-]{section.2}{exercise part 2: Image Deformation Using Moving Least Squares}{}% 11
\BOOKMARK [2][-]{subsection.2.1}{Task 1: Handling max flow}{section.2}% 12
\BOOKMARK [3][-]{subsubsection.2.1.1}{Description}{subsection.2.1}% 13
\BOOKMARK [3][-]{subsubsection.2.1.2}{Running}{subsection.2.1}% 14
\BOOKMARK [3][-]{subsubsection.2.1.3}{Result}{subsection.2.1}% 15
\BOOKMARK [3][-]{subsubsection.2.1.4}{Discussion}{subsection.2.1}% 16
\BOOKMARK [2][-]{subsection.2.2}{Task 2: Interactive Segmentation}{section.2}% 17
\BOOKMARK [3][-]{subsubsection.2.2.1}{Description}{subsection.2.2}% 18
\BOOKMARK [3][-]{subsubsection.2.2.2}{Running}{subsection.2.2}% 19
\BOOKMARK [3][-]{subsubsection.2.2.3}{Result}{subsection.2.2}% 20
\BOOKMARK [3][-]{subsubsection.2.2.4}{Discussion}{subsection.2.2}% 21
