\BOOKMARK [1][-]{section.1}{exercise part 1: Curve and Surface Reconstruction Using MLS}{}% 1
\BOOKMARK [2][-]{subsection.1.1}{Curve derivation}{section.1}% 2
\BOOKMARK [2][-]{subsection.1.2}{Curves plotting}{section.1}% 3
\BOOKMARK [3][-]{subsubsection.1.2.1}{Description}{subsection.1.2}% 4
\BOOKMARK [3][-]{subsubsection.1.2.2}{Running}{subsection.1.2}% 5
\BOOKMARK [3][-]{subsubsection.1.2.3}{Result}{subsection.1.2}% 6
\BOOKMARK [3][-]{subsubsection.1.2.4}{Discussion}{subsection.1.2}% 7
\BOOKMARK [2][-]{subsection.1.3}{Smoothing meshes}{section.1}% 8
\BOOKMARK [3][-]{subsubsection.1.3.1}{Description}{subsection.1.3}% 9
\BOOKMARK [3][-]{subsubsection.1.3.2}{Running}{subsection.1.3}% 10
\BOOKMARK [3][-]{subsubsection.1.3.3}{Result}{subsection.1.3}% 11
\BOOKMARK [3][-]{subsubsection.1.3.4}{Discussion}{subsection.1.3}% 12
\BOOKMARK [2][-]{subsection.1.4}{Speeding up mesh smoothing}{section.1}% 13
\BOOKMARK [3][-]{subsubsection.1.4.1}{Description}{subsection.1.4}% 14
\BOOKMARK [3][-]{subsubsection.1.4.2}{Running}{subsection.1.4}% 15
\BOOKMARK [3][-]{subsubsection.1.4.3}{Result}{subsection.1.4}% 16
\BOOKMARK [3][-]{subsubsection.1.4.4}{Discussion}{subsection.1.4}% 17
\BOOKMARK [2][-]{subsection.1.5}{Advanced method}{section.1}% 18
\BOOKMARK [3][-]{subsubsection.1.5.1}{Description}{subsection.1.5}% 19
\BOOKMARK [3][-]{subsubsection.1.5.2}{Running}{subsection.1.5}% 20
\BOOKMARK [3][-]{subsubsection.1.5.3}{Result}{subsection.1.5}% 21
\BOOKMARK [1][-]{section.2}{exercise part 2: Image Deformation Using Moving Least Squares}{}% 22
\BOOKMARK [2][-]{subsubsection.2.0.1}{Description}{section.2}% 23
\BOOKMARK [2][-]{subsection.2.1}{Running}{section.2}% 24
\BOOKMARK [2][-]{subsection.2.2}{Result}{section.2}% 25
\BOOKMARK [2][-]{subsection.2.3}{Discussion}{section.2}% 26
